<?xml version="1.0" encoding="UTF-8" ?>
<testsuite tests="3" failures="0" name="com.tecsup.gestion.controller.EmployeeControllerIntegrationTest" time="0.968" errors="0" skipped="0">
  <properties>
[...]
</properties>
  <testcase classname="com.tecsup.gestion.controller.EmployeeControllerIntegrationTest" name="list" time="0.874"/>
  <testcase classname="com.tecsup.gestion.controller.EmployeeControllerIntegrationTest" name="givenWac_whenServletContext_thenItProvidesGreetController" time="0"/>
  <testcase classname="com.tecsup.gestion.controller.EmployeeControllerIntegrationTest" name="editForm" time="0.094"/>
</testsuite>